=====================================================================================

Generated Quads for the program

  0 :	t000	=	13
  1 :	a	=	t000
  2 :	t001	=	3
  3 :	b	=	t001
  4 :	t002	=	'i'
  5 :	c	=	t002
  6 :	t003	=	'k'
  7 :	d	=	t003
  8 :	t004	=	2.100000
  9 :	addition	=	t004
 10 :	if  b >a	goto 13
 11 :	goto 33
 12 :	goto 53
 13 :	if  c >d	goto 16
 14 :	goto 24
 15 :	goto 32
 16 :	t006	=	addition + t005
 17 :	addition	=	t006
 18 :	t007	=	t006
 19 :	t008	=	 Int2float(b)
 20 :	t009	=	addition + t008
 21 :	addition	=	t009
 22 :	t010	=	t009
 23 :	goto -1
 24 :	t012	=	addition + t011
 25 :	addition	=	t012
 26 :	t013	=	t012
 27 :	t014	=	 Int2float(b)
 28 :	t015	=	addition + t014
 29 :	addition	=	t015
 30 :	t016	=	t015
 31 :	goto -1
 32 :	goto -1
 33 :	if  c >d	goto 36
 34 :	goto 44
 35 :	goto 52
 36 :	t018	=	addition + t017
 37 :	addition	=	t018
 38 :	t019	=	t018
 39 :	t020	=	 Int2float(a)
 40 :	t021	=	addition + t020
 41 :	addition	=	t021
 42 :	t022	=	t021
 43 :	goto -1
 44 :	t024	=	addition + t023
 45 :	addition	=	t024
 46 :	t025	=	t024
 47 :	t026	=	 Int2float(a)
 48 :	t027	=	addition + t026
 49 :	addition	=	t027
 50 :	t028	=	t027
 51 :	goto -1
 52 :	goto -1
=====================================================================================

Symbol table Maintained For the Given Program

+++++++++++++++++++++++++++++++++++++++++++++++++++++++++++++++++++++++++++++++++++++

Symbol Table : Global

-------------------------------------------------------------------------------------
Name	Value		var_type	Size	Offset	Type
-------------------------------------------------------------------------------------
main	null		func		0	-1	ptr-to-St( main )Int

+++++++++++++++++++++++++++++++++++++++++++++++++++++++++++++++++++++++++++++++++++++

+++++++++++++++++++++++++++++++++++++++++++++++++++++++++++++++++++++++++++++++++++++

Symbol Table : main

-------------------------------------------------------------------------------------
Name	Value		var_type	Size	Offset	Type
-------------------------------------------------------------------------------------
retVal	null		return		4	0	Int
a	null		local		4	4	Int
t000	13		temp		4	-1	Int
b	null		local		4	12	Int
t001	3		temp		4	-1	Int
c	null		local		1	20	Char
t002	i		temp		1	-1	Char
d	null		local		1	22	Char
t003	k		temp		1	-1	Char
addition	null		local		8	24	Float
t004	2.100000	temp		8	-1	Float
t005	null		temp		8	-1	Float
t006	null		temp		8	-1	Float
t007	null		temp		8	-1	Float
t008	null		temp		8	-1	Float
t009	null		temp		8	-1	Float
t010	null		temp		8	-1	Float
t011	null		temp		8	-1	Float
t012	null		temp		8	-1	Float
t013	null		temp		8	-1	Float
t014	null		temp		8	-1	Float
t015	null		temp		8	-1	Float
t016	null		temp		8	-1	Float
t017	null		temp		8	-1	Float
t018	null		temp		8	-1	Float
t019	null		temp		8	-1	Float
t020	null		temp		8	-1	Float
t021	null		temp		8	-1	Float
t022	null		temp		8	-1	Float
t023	null		temp		8	-1	Float
t024	null		temp		8	-1	Float
t025	null		temp		8	-1	Float
t026	null		temp		8	-1	Float
t027	null		temp		8	-1	Float
t028	null		temp		8	-1	Float

+++++++++++++++++++++++++++++++++++++++++++++++++++++++++++++++++++++++++++++++++++++
=====================================================================================
